[2022-10-20T16:23:21.459Z] Log level: Info
[2022-10-20T16:23:21.497Z] [info] Validating found git in: git
[2022-10-20T16:23:21.603Z] [info] Using git 2.17.1 from git
[2022-10-20T16:23:21.772Z] > git rev-parse --show-toplevel [129ms]
[2022-10-20T16:23:21.772Z] fatal: not a git repository (or any of the parent directories): .git
[2022-10-20T16:23:21.920Z] > git rev-parse --show-toplevel [51ms]
[2022-10-20T16:23:21.920Z] fatal: not a git repository (or any of the parent directories): .git
[2022-10-20T16:23:21.949Z] > git rev-parse --show-toplevel [9ms]
[2022-10-20T16:23:21.950Z] fatal: not a git repository (or any of the parent directories): .git
[2022-10-20T16:23:22.024Z] > git rev-parse --show-toplevel [61ms]
[2022-10-20T16:23:22.024Z] fatal: not a git repository (or any of the parent directories): .git
[2022-10-20T16:23:22.091Z] > git rev-parse --show-toplevel [53ms]
[2022-10-20T16:23:22.091Z] fatal: not a git repository (or any of the parent directories): .git
[2022-10-20T16:23:22.251Z] > git rev-parse --show-toplevel [117ms]
[2022-10-20T16:23:22.251Z] fatal: not a git repository (or any of the parent directories): .git
[2022-10-20T16:23:22.294Z] > git rev-parse --show-toplevel [25ms]
[2022-10-20T16:23:22.295Z] fatal: not a git repository (or any of the parent directories): .git
[2022-10-20T16:23:22.304Z] > git rev-parse --show-toplevel [6ms]
[2022-10-20T16:23:22.304Z] fatal: not a git repository (or any of the parent directories): .git
[2022-10-20T16:23:22.343Z] > git rev-parse --show-toplevel [35ms]
[2022-10-20T16:23:22.343Z] fatal: not a git repository (or any of the parent directories): .git
[2022-10-20T16:23:22.358Z] > git rev-parse --show-toplevel [11ms]
[2022-10-20T16:23:22.358Z] fatal: not a git repository (or any of the parent directories): .git
[2022-10-20T16:23:22.372Z] > git rev-parse --show-toplevel [10ms]
[2022-10-20T16:23:22.372Z] fatal: not a git repository (or any of the parent directories): .git
[2022-10-20T16:23:22.449Z] > git rev-parse --show-toplevel [73ms]
[2022-10-20T16:23:22.449Z] fatal: not a git repository (or any of the parent directories): .git
[2022-10-20T16:26:07.419Z] > git rev-parse --show-toplevel [12ms]
[2022-10-20T16:26:07.419Z] fatal: not a git repository (or any of the parent directories): .git
[2022-10-20T16:26:34.861Z] > git rev-parse --show-toplevel [8ms]
[2022-10-20T16:26:34.861Z] fatal: not a git repository (or any of the parent directories): .git
[2022-10-20T16:27:11.733Z] > git rev-parse --show-toplevel [3ms]
[2022-10-20T16:27:11.733Z] fatal: not a git repository (or any of the parent directories): .git
[2022-10-20T16:27:39.699Z] > git rev-parse --show-toplevel [7ms]
[2022-10-20T16:27:39.699Z] fatal: not a git repository (or any of the parent directories): .git
[2022-10-20T16:28:14.129Z] > git rev-parse --show-toplevel [10ms]
[2022-10-20T16:28:14.129Z] fatal: not a git repository (or any of the parent directories): .git
[2022-10-20T16:28:34.597Z] > git rev-parse --show-toplevel [6ms]
[2022-10-20T16:28:34.597Z] fatal: not a git repository (or any of the parent directories): .git
[2022-10-20T16:28:59.254Z] > git rev-parse --show-toplevel [7ms]
[2022-10-20T16:28:59.254Z] fatal: not a git repository (or any of the parent directories): .git
