[2022-06-24T11:43:46.480Z] Log level: Info
[2022-06-24T11:43:46.495Z] [info] Validating found git in: git
[2022-06-24T11:43:46.700Z] [info] Using git 2.17.1 from git
[2022-06-24T11:43:47.000Z] > git rev-parse --show-toplevel [209ms]
[2022-06-24T11:43:47.000Z] fatal: not a git repository (or any of the parent directories): .git
[2022-06-24T11:43:47.098Z] > git rev-parse --show-toplevel [27ms]
[2022-06-24T11:43:47.098Z] fatal: not a git repository (or any of the parent directories): .git
[2022-06-24T11:43:47.164Z] > git rev-parse --show-toplevel [42ms]
[2022-06-24T11:43:47.164Z] fatal: not a git repository (or any of the parent directories): .git
[2022-06-24T11:43:47.210Z] > git rev-parse --show-toplevel [15ms]
[2022-06-24T11:43:47.210Z] fatal: not a git repository (or any of the parent directories): .git
[2022-06-24T11:43:47.265Z] > git rev-parse --show-toplevel [34ms]
[2022-06-24T11:43:47.265Z] fatal: not a git repository (or any of the parent directories): .git
[2022-06-24T11:43:47.302Z] > git rev-parse --show-toplevel [24ms]
[2022-06-24T11:43:47.302Z] fatal: not a git repository (or any of the parent directories): .git
[2022-06-24T11:43:47.332Z] > git rev-parse --show-toplevel [18ms]
[2022-06-24T11:43:47.332Z] fatal: not a git repository (or any of the parent directories): .git
[2022-06-24T11:43:47.371Z] > git rev-parse --show-toplevel [11ms]
[2022-06-24T11:43:47.371Z] fatal: not a git repository (or any of the parent directories): .git
[2022-06-24T11:43:47.414Z] > git rev-parse --show-toplevel [23ms]
[2022-06-24T11:43:47.414Z] fatal: not a git repository (or any of the parent directories): .git
[2022-06-24T13:26:09.564Z] > git rev-parse --show-toplevel [8ms]
[2022-06-24T13:26:09.564Z] fatal: not a git repository (or any of the parent directories): .git
