[2022-06-24T09:05:23.378Z] Log level: Info
[2022-06-24T09:05:23.380Z] [info] Validating found git in: git
[2022-06-24T09:05:23.540Z] [info] Using git 2.17.1 from git
[2022-06-24T09:05:23.764Z] > git rev-parse --show-toplevel [160ms]
[2022-06-24T09:05:23.764Z] fatal: not a git repository (or any of the parent directories): .git
[2022-06-24T09:05:23.828Z] > git rev-parse --show-toplevel [19ms]
[2022-06-24T09:05:23.828Z] fatal: not a git repository (or any of the parent directories): .git
[2022-06-24T09:05:23.870Z] > git rev-parse --show-toplevel [15ms]
[2022-06-24T09:05:23.870Z] fatal: not a git repository (or any of the parent directories): .git
[2022-06-24T09:05:23.892Z] > git rev-parse --show-toplevel [6ms]
[2022-06-24T09:05:23.892Z] fatal: not a git repository (or any of the parent directories): .git
[2022-06-24T09:05:23.928Z] > git rev-parse --show-toplevel [13ms]
[2022-06-24T09:05:23.928Z] fatal: not a git repository (or any of the parent directories): .git
[2022-06-24T09:05:23.955Z] > git rev-parse --show-toplevel [12ms]
[2022-06-24T09:05:23.955Z] fatal: not a git repository (or any of the parent directories): .git
[2022-06-24T09:05:23.974Z] > git rev-parse --show-toplevel [8ms]
[2022-06-24T09:05:23.974Z] fatal: not a git repository (or any of the parent directories): .git
[2022-06-24T09:05:24.008Z] > git rev-parse --show-toplevel [9ms]
[2022-06-24T09:05:24.008Z] fatal: not a git repository (or any of the parent directories): .git
[2022-06-24T09:05:24.038Z] > git rev-parse --show-toplevel [15ms]
[2022-06-24T09:05:24.038Z] fatal: not a git repository (or any of the parent directories): .git
[2022-06-24T09:29:29.113Z] > git rev-parse --show-toplevel [12ms]
[2022-06-24T09:29:29.113Z] fatal: not a git repository (or any of the parent directories): .git
[2022-06-24T09:31:59.201Z] > git rev-parse --show-toplevel [14ms]
[2022-06-24T09:31:59.201Z] fatal: not a git repository (or any of the parent directories): .git
[2022-06-24T10:10:31.530Z] > git rev-parse --show-toplevel [11ms]
[2022-06-24T10:10:31.530Z] fatal: not a git repository (or any of the parent directories): .git
