[2022-06-24T11:14:16.271Z] Log level: Info
[2022-06-24T11:14:16.282Z] [info] Validating found git in: git
[2022-06-24T11:14:16.444Z] [info] Using git 2.17.1 from git
[2022-06-24T11:14:16.662Z] > git rev-parse --show-toplevel [164ms]
[2022-06-24T11:14:16.662Z] fatal: not a git repository (or any of the parent directories): .git
[2022-06-24T11:14:16.734Z] > git rev-parse --show-toplevel [34ms]
[2022-06-24T11:14:16.734Z] fatal: not a git repository (or any of the parent directories): .git
[2022-06-24T11:14:16.757Z] > git rev-parse --show-toplevel [13ms]
[2022-06-24T11:14:16.757Z] fatal: not a git repository (or any of the parent directories): .git
[2022-06-24T11:14:16.796Z] > git rev-parse --show-toplevel [16ms]
[2022-06-24T11:14:16.796Z] fatal: not a git repository (or any of the parent directories): .git
[2022-06-24T11:14:16.830Z] > git rev-parse --show-toplevel [15ms]
[2022-06-24T11:14:16.830Z] fatal: not a git repository (or any of the parent directories): .git
[2022-06-24T11:14:16.854Z] > git rev-parse --show-toplevel [7ms]
[2022-06-24T11:14:16.854Z] fatal: not a git repository (or any of the parent directories): .git
[2022-06-24T11:14:16.884Z] > git rev-parse --show-toplevel [17ms]
[2022-06-24T11:14:16.884Z] fatal: not a git repository (or any of the parent directories): .git
[2022-06-24T11:14:16.921Z] > git rev-parse --show-toplevel [14ms]
[2022-06-24T11:14:16.921Z] fatal: not a git repository (or any of the parent directories): .git
[2022-06-24T11:14:16.941Z] > git rev-parse --show-toplevel [4ms]
[2022-06-24T11:14:16.941Z] fatal: not a git repository (or any of the parent directories): .git
