0 info it worked if it ends with ok
1 verbose cli [ '/usr/bin/node', '/usr/bin/npm', 'start' ]
2 info using npm@6.14.17
3 info using node@v14.19.3
4 verbose run-script [ 'prestart', 'start', 'poststart' ]
5 info lifecycle react-website-tut@0.1.0~prestart: react-website-tut@0.1.0
6 info lifecycle react-website-tut@0.1.0~start: react-website-tut@0.1.0
7 verbose lifecycle react-website-tut@0.1.0~start: unsafe-perm in lifecycle true
8 verbose lifecycle react-website-tut@0.1.0~start: PATH: /usr/lib/node_modules/npm/node_modules/npm-lifecycle/node-gyp-bin:/home/peci2022/react-webapp/node_modules/.bin:/home/peci2022/.vscode-server/bin/c3511e6c69bb39013c4a4b7b9566ec1ca73fc4d5/bin/remote-cli:/home/peci2022/.local/bin:/usr/local/sbin:/usr/local/bin:/usr/sbin:/usr/bin:/sbin:/bin:/usr/games:/usr/local/games:/snap/bin
9 verbose lifecycle react-website-tut@0.1.0~start: CWD: /home/peci2022/react-webapp
10 silly lifecycle react-website-tut@0.1.0~start: Args: [ '-c', 'react-scripts start' ]
11 silly lifecycle react-website-tut@0.1.0~start: Returned: code: 1  signal: null
12 info lifecycle react-website-tut@0.1.0~start: Failed to exec start script
13 verbose stack Error: react-website-tut@0.1.0 start: `react-scripts start`
13 verbose stack Exit status 1
13 verbose stack     at EventEmitter.<anonymous> (/usr/lib/node_modules/npm/node_modules/npm-lifecycle/index.js:332:16)
13 verbose stack     at EventEmitter.emit (events.js:400:28)
13 verbose stack     at ChildProcess.<anonymous> (/usr/lib/node_modules/npm/node_modules/npm-lifecycle/lib/spawn.js:55:14)
13 verbose stack     at ChildProcess.emit (events.js:400:28)
13 verbose stack     at maybeClose (internal/child_process.js:1088:16)
13 verbose stack     at Process.ChildProcess._handle.onexit (internal/child_process.js:296:5)
14 verbose pkgid react-website-tut@0.1.0
15 verbose cwd /home/peci2022/react-webapp
16 verbose Linux 4.15.0-47-generic
17 verbose argv "/usr/bin/node" "/usr/bin/npm" "start"
18 verbose node v14.19.3
19 verbose npm  v6.14.17
20 error code ELIFECYCLE
21 error errno 1
22 error react-website-tut@0.1.0 start: `react-scripts start`
22 error Exit status 1
23 error Failed at the react-website-tut@0.1.0 start script.
23 error This is probably not a problem with npm. There is likely additional logging output above.
24 verbose exit [ 1, true ]
