[2022-07-14T11:20:21.771Z] Log level: Info
[2022-07-14T11:20:21.787Z] [info] Validating found git in: git
[2022-07-14T11:20:22.015Z] [info] Using git 2.17.1 from git
[2022-07-14T11:20:22.328Z] > git rev-parse --show-toplevel [224ms]
[2022-07-14T11:20:22.328Z] fatal: not a git repository (or any of the parent directories): .git
[2022-07-14T11:20:22.407Z] > git rev-parse --show-toplevel [33ms]
[2022-07-14T11:20:22.407Z] fatal: not a git repository (or any of the parent directories): .git
[2022-07-14T11:20:22.447Z] > git rev-parse --show-toplevel [20ms]
[2022-07-14T11:20:22.447Z] fatal: not a git repository (or any of the parent directories): .git
[2022-07-14T11:20:22.475Z] > git rev-parse --show-toplevel [11ms]
[2022-07-14T11:20:22.476Z] fatal: not a git repository (or any of the parent directories): .git
[2022-07-14T11:20:22.510Z] > git rev-parse --show-toplevel [15ms]
[2022-07-14T11:20:22.510Z] fatal: not a git repository (or any of the parent directories): .git
[2022-07-14T11:20:22.531Z] > git rev-parse --show-toplevel [5ms]
[2022-07-14T11:20:22.531Z] fatal: not a git repository (or any of the parent directories): .git
[2022-07-14T11:20:22.558Z] > git rev-parse --show-toplevel [4ms]
[2022-07-14T11:20:22.558Z] fatal: not a git repository (or any of the parent directories): .git
[2022-07-14T11:20:22.597Z] > git rev-parse --show-toplevel [20ms]
[2022-07-14T11:20:22.597Z] fatal: not a git repository (or any of the parent directories): .git
[2022-07-14T11:20:22.620Z] > git rev-parse --show-toplevel [7ms]
[2022-07-14T11:20:22.620Z] fatal: not a git repository (or any of the parent directories): .git
[2022-07-14T11:20:23.134Z] > git rev-parse --show-toplevel [16ms]
[2022-07-14T11:20:23.134Z] fatal: not a git repository (or any of the parent directories): .git
[2022-07-14T11:24:11.464Z] > git rev-parse --show-toplevel [21ms]
[2022-07-14T11:24:11.464Z] fatal: not a git repository (or any of the parent directories): .git
[2022-07-14T11:24:14.039Z] > git rev-parse --show-toplevel [60ms]
[2022-07-14T11:24:14.039Z] fatal: not a git repository (or any of the parent directories): .git
[2022-07-14T11:24:23.075Z] > git rev-parse --show-toplevel [13ms]
[2022-07-14T11:24:23.075Z] fatal: not a git repository (or any of the parent directories): .git
[2022-07-14T11:24:25.271Z] > git rev-parse --show-toplevel [13ms]
[2022-07-14T11:24:25.271Z] fatal: not a git repository (or any of the parent directories): .git
[2022-07-14T11:24:28.542Z] > git rev-parse --show-toplevel [4ms]
[2022-07-14T11:24:28.542Z] fatal: not a git repository (or any of the parent directories): .git
[2022-07-14T11:24:31.522Z] > git rev-parse --show-toplevel [11ms]
[2022-07-14T11:24:31.523Z] fatal: not a git repository (or any of the parent directories): .git
[2022-07-14T11:24:37.707Z] > git rev-parse --show-toplevel [13ms]
[2022-07-14T11:24:37.707Z] fatal: not a git repository (or any of the parent directories): .git
[2022-07-14T11:24:40.560Z] > git rev-parse --show-toplevel [17ms]
[2022-07-14T11:24:40.560Z] fatal: not a git repository (or any of the parent directories): .git
[2022-07-14T11:24:43.010Z] > git rev-parse --show-toplevel [12ms]
[2022-07-14T11:24:43.010Z] fatal: not a git repository (or any of the parent directories): .git
