[2022-07-14T11:33:32.216Z] Log level: Info
[2022-07-14T11:33:32.228Z] [info] Validating found git in: git
[2022-07-14T11:33:32.479Z] [info] Using git 2.17.1 from git
[2022-07-14T11:33:32.783Z] > git rev-parse --show-toplevel [195ms]
[2022-07-14T11:33:32.783Z] fatal: not a git repository (or any of the parent directories): .git
[2022-07-14T11:33:32.898Z] > git rev-parse --show-toplevel [36ms]
[2022-07-14T11:33:32.898Z] fatal: not a git repository (or any of the parent directories): .git
[2022-07-14T11:33:32.935Z] > git rev-parse --show-toplevel [17ms]
[2022-07-14T11:33:32.935Z] fatal: not a git repository (or any of the parent directories): .git
[2022-07-14T11:33:32.988Z] > git rev-parse --show-toplevel [34ms]
[2022-07-14T11:33:32.988Z] fatal: not a git repository (or any of the parent directories): .git
[2022-07-14T11:33:33.069Z] > git rev-parse --show-toplevel [29ms]
[2022-07-14T11:33:33.070Z] fatal: not a git repository (or any of the parent directories): .git
[2022-07-14T11:33:33.135Z] > git rev-parse --show-toplevel [25ms]
[2022-07-14T11:33:33.135Z] fatal: not a git repository (or any of the parent directories): .git
[2022-07-14T11:33:33.232Z] > git rev-parse --show-toplevel [23ms]
[2022-07-14T11:33:33.232Z] fatal: not a git repository (or any of the parent directories): .git
[2022-07-14T11:33:33.286Z] > git rev-parse --show-toplevel [8ms]
[2022-07-14T11:33:33.286Z] fatal: not a git repository (or any of the parent directories): .git
[2022-07-14T11:33:33.513Z] > git rev-parse --show-toplevel [207ms]
[2022-07-14T11:33:33.513Z] fatal: not a git repository (or any of the parent directories): .git
[2022-07-14T11:33:33.572Z] > git rev-parse --show-toplevel [14ms]
[2022-07-14T11:33:33.572Z] fatal: not a git repository (or any of the parent directories): .git
[2022-07-14T11:33:33.910Z] > git rev-parse --show-toplevel [13ms]
[2022-07-14T11:33:33.910Z] fatal: not a git repository (or any of the parent directories): .git
[2022-07-14T11:33:34.095Z] > git rev-parse --show-toplevel [173ms]
[2022-07-14T11:33:34.095Z] fatal: not a git repository (or any of the parent directories): .git
