[2022-09-30T11:10:39.577Z] Log level: Info
[2022-09-30T11:10:39.615Z] [info] Validating found git in: git
[2022-09-30T11:10:39.765Z] [info] Using git 2.17.1 from git
[2022-09-30T11:10:39.855Z] > git rev-parse --show-toplevel [31ms]
[2022-09-30T11:10:39.855Z] fatal: not a git repository (or any of the parent directories): .git
[2022-09-30T11:10:39.954Z] > git rev-parse --show-toplevel [47ms]
[2022-09-30T11:10:39.954Z] fatal: not a git repository (or any of the parent directories): .git
[2022-09-30T11:10:39.973Z] > git rev-parse --show-toplevel [2ms]
[2022-09-30T11:10:39.973Z] fatal: not a git repository (or any of the parent directories): .git
[2022-09-30T11:10:39.990Z] > git rev-parse --show-toplevel [7ms]
[2022-09-30T11:10:39.990Z] fatal: not a git repository (or any of the parent directories): .git
[2022-09-30T11:10:40.207Z] > git rev-parse --show-toplevel [68ms]
[2022-09-30T11:10:40.207Z] fatal: not a git repository (or any of the parent directories): .git
[2022-09-30T11:10:40.236Z] > git rev-parse --show-toplevel [5ms]
[2022-09-30T11:10:40.236Z] fatal: not a git repository (or any of the parent directories): .git
[2022-09-30T11:10:40.396Z] > git rev-parse --show-toplevel [9ms]
[2022-09-30T11:10:40.396Z] fatal: not a git repository (or any of the parent directories): .git
[2022-09-30T11:10:40.463Z] > git rev-parse --show-toplevel [32ms]
[2022-09-30T11:10:40.463Z] fatal: not a git repository (or any of the parent directories): .git
[2022-09-30T11:15:09.286Z] > git rev-parse --show-toplevel [8ms]
[2022-09-30T11:15:09.286Z] fatal: not a git repository (or any of the parent directories): .git
[2022-09-30T11:15:13.194Z] > git rev-parse --show-toplevel [27ms]
[2022-09-30T11:15:13.194Z] fatal: not a git repository (or any of the parent directories): .git
[2022-09-30T11:16:05.355Z] > git rev-parse --show-toplevel [10ms]
[2022-09-30T11:16:05.355Z] fatal: not a git repository (or any of the parent directories): .git
[2022-09-30T11:16:06.504Z] > git rev-parse --show-toplevel [16ms]
[2022-09-30T11:16:06.504Z] fatal: not a git repository (or any of the parent directories): .git
[2022-09-30T11:28:05.868Z] > git rev-parse --show-toplevel [9ms]
[2022-09-30T11:28:05.868Z] fatal: not a git repository (or any of the parent directories): .git
