[2022-09-29T19:24:22.288Z] Log level: Info
[2022-09-29T19:24:22.318Z] [info] Validating found git in: git
[2022-09-29T19:24:22.405Z] [info] Using git 2.17.1 from git
[2022-09-29T19:24:22.438Z] > git rev-parse --show-toplevel [12ms]
[2022-09-29T19:24:22.438Z] fatal: not a git repository (or any of the parent directories): .git
[2022-09-29T19:24:22.458Z] > git rev-parse --show-toplevel [11ms]
[2022-09-29T19:24:22.458Z] fatal: not a git repository (or any of the parent directories): .git
[2022-09-29T19:24:22.470Z] > git rev-parse --show-toplevel [2ms]
[2022-09-29T19:24:22.470Z] fatal: not a git repository (or any of the parent directories): .git
[2022-09-29T19:24:22.694Z] > git rev-parse --show-toplevel [55ms]
[2022-09-29T19:24:22.694Z] fatal: not a git repository (or any of the parent directories): .git
[2022-09-29T19:24:22.728Z] > git rev-parse --show-toplevel [4ms]
[2022-09-29T19:24:22.728Z] fatal: not a git repository (or any of the parent directories): .git
[2022-09-29T19:24:22.782Z] > git rev-parse --show-toplevel [23ms]
[2022-09-29T19:24:22.782Z] fatal: not a git repository (or any of the parent directories): .git
[2022-09-29T19:25:15.970Z] > git rev-parse --show-toplevel [5ms]
[2022-09-29T19:25:15.970Z] fatal: not a git repository (or any of the parent directories): .git
[2022-09-29T19:25:21.074Z] > git rev-parse --show-toplevel [16ms]
[2022-09-29T19:25:21.074Z] fatal: not a git repository (or any of the parent directories): .git
[2022-09-29T19:25:44.005Z] > git rev-parse --show-toplevel [36ms]
[2022-09-29T19:25:44.005Z] fatal: not a git repository (or any of the parent directories): .git
