*
* Visual Studio Code Server
*
* By using the software, you agree to
* the Visual Studio Code Server License Terms (https://aka.ms/vscode-server-license) and
* the Microsoft Privacy Statement (https://privacy.microsoft.com/en-US/privacystatement).
*
Server bound to 127.0.0.1:40679 (IPv4)
Extension host agent listening on 40679

[12:10:05] Extension host agent started.
[12:10:06] [127.0.0.1][0dfd3b86][ManagementConnection] New connection established.
[12:10:06] [127.0.0.1][5cc5f544][ExtensionHostConnection] New connection established.
[12:10:06] [127.0.0.1][5cc5f544][ExtensionHostConnection] <29906> Launched Extension Host Process.
[IPC Library: Pty Host]  WARN Shell integration cannot be enabled for executable "/bin/sh" and args [
  '-c',
  'wget --version > /dev/null\n' +
    'if [ $? -eq 0 ]\n' +
    'then\n' +
    "\twget --connect-timeout=7 --tries=1 --dns-timeout=7 -q --header='Metadata:true' -O - http://169.254.169.254/metadata/instance?api-version=2019-03-11\n" +
    'else\n' +
    '\tcurl --version > /dev/null\n' +
    '\tif [ $? -eq 0 ]\n' +
    '\tthen\n' +
    "\t\tcurl --connect-timeout 7 -s --header='Metadata:true' http://169.254.169.254/metadata/instance?api-version=2019-03-11\n" +
    '\tfi\n' +
    'fi\n' +
    'exit 0'
]
[IPC Library: Pty Host]  WARN Shell integration cannot be enabled for executable "/bin/sh" and args [
  '-c',
  'wget --version > /dev/null\n' +
    'if [ $? -eq 0 ]\n' +
    'then\n' +
    '\twget --connect-timeout=7 --tries=1 --dns-timeout=7 -q  -O - http://169.254.169.254/latest/meta-data/instance-id\n' +
    'else\n' +
    '\tcurl --version > /dev/null\n' +
    '\tif [ $? -eq 0 ]\n' +
    '\tthen\n' +
    '\t\tcurl --connect-timeout 7 -s  http://169.254.169.254/latest/meta-data/instance-id\n' +
    '\tfi\n' +
    'fi\n' +
    'exit 0'
]
[IPC Library: Pty Host]  WARN Shell integration cannot be enabled for executable "/bin/sh" and args [
  '-c',
  'wget --version > /dev/null\n' +
    'if [ $? -eq 0 ]\n' +
    'then\n' +
    '\twget --connect-timeout=7 --tries=1 --dns-timeout=7 -q  -O - http://169.254.169.254/metadata/v1/id\n' +
    'else\n' +
    '\tcurl --version > /dev/null\n' +
    '\tif [ $? -eq 0 ]\n' +
    '\tthen\n' +
    '\t\tcurl --connect-timeout 7 -s  http://169.254.169.254/metadata/v1/id\n' +
    '\tfi\n' +
    'fi\n' +
    'exit 0'
]
[IPC Library: Pty Host]  WARN Shell integration cannot be enabled for executable "/bin/sh" and args [
  '-c',
  'wget --version > /dev/null\n' +
    'if [ $? -eq 0 ]\n' +
    'then\n' +
    "\twget --connect-timeout=7 --tries=1 --dns-timeout=7 -q --header='Metadata-Flavor:Google' -O - http://metadata.google.internal/computeMetadata/v1/instance/id\n" +
    'else\n' +
    '\tcurl --version > /dev/null\n' +
    '\tif [ $? -eq 0 ]\n' +
    '\tthen\n' +
    "\t\tcurl --connect-timeout 7 -s --header='Metadata-Flavor:Google' http://metadata.google.internal/computeMetadata/v1/instance/id\n" +
    '\tfi\n' +
    'fi\n' +
    'exit 0'
]
[12:10:29] [127.0.0.1][0dfd3b86][ManagementConnection] The client has disconnected gracefully, so the connection will be disposed.
[12:10:29] [127.0.0.1][5cc5f544][ExtensionHostConnection] <29906> Extension Host Process exited with code: 0, signal: null.
Last EH closed, waiting before shutting down
[12:10:29] Last EH closed, waiting before shutting down
Got delay-shutdown request while in shutdown timeout, delaying
[12:10:35] Got delay-shutdown request while in shutdown timeout, delaying
Cancelling previous shutdown timeout
[12:10:35] Cancelling previous shutdown timeout
[12:10:35] [127.0.0.1][37d1fff4][ManagementConnection] New connection established.
[12:10:35] [127.0.0.1][900f4a1c][ExtensionHostConnection] New connection established.
[12:10:35] [127.0.0.1][900f4a1c][ExtensionHostConnection] <30114> Launched Extension Host Process.
[IPC Library: Pty Host]  WARN Shell integration cannot be enabled for executable "/bin/sh" and args [
  '-c',
  'wget --version > /dev/null\n' +
    'if [ $? -eq 0 ]\n' +
    'then\n' +
    "\twget --connect-timeout=7 --tries=1 --dns-timeout=7 -q --header='Metadata:true' -O - http://169.254.169.254/metadata/instance?api-version=2019-03-11\n" +
    'else\n' +
    '\tcurl --version > /dev/null\n' +
    '\tif [ $? -eq 0 ]\n' +
    '\tthen\n' +
    "\t\tcurl --connect-timeout 7 -s --header='Metadata:true' http://169.254.169.254/metadata/instance?api-version=2019-03-11\n" +
    '\tfi\n' +
    'fi\n' +
    'exit 0'
]
[IPC Library: Pty Host]  WARN Shell integration cannot be enabled for executable "/bin/sh" and args [
  '-c',
  'wget --version > /dev/null\n' +
    'if [ $? -eq 0 ]\n' +
    'then\n' +
    '\twget --connect-timeout=7 --tries=1 --dns-timeout=7 -q  -O - http://169.254.169.254/latest/meta-data/instance-id\n' +
    'else\n' +
    '\tcurl --version > /dev/null\n' +
    '\tif [ $? -eq 0 ]\n' +
    '\tthen\n' +
    '\t\tcurl --connect-timeout 7 -s  http://169.254.169.254/latest/meta-data/instance-id\n' +
    '\tfi\n' +
    'fi\n' +
    'exit 0'
]
[IPC Library: Pty Host]  WARN Shell integration cannot be enabled for executable "/bin/sh" and args [
  '-c',
  'wget --version > /dev/null\n' +
    'if [ $? -eq 0 ]\n' +
    'then\n' +
    '\twget --connect-timeout=7 --tries=1 --dns-timeout=7 -q  -O - http://169.254.169.254/metadata/v1/id\n' +
    'else\n' +
    '\tcurl --version > /dev/null\n' +
    '\tif [ $? -eq 0 ]\n' +
    '\tthen\n' +
    '\t\tcurl --connect-timeout 7 -s  http://169.254.169.254/metadata/v1/id\n' +
    '\tfi\n' +
    'fi\n' +
    'exit 0'
]
[IPC Library: Pty Host]  WARN Shell integration cannot be enabled for executable "/bin/sh" and args [
  '-c',
  'wget --version > /dev/null\n' +
    'if [ $? -eq 0 ]\n' +
    'then\n' +
    "\twget --connect-timeout=7 --tries=1 --dns-timeout=7 -q --header='Metadata-Flavor:Google' -O - http://metadata.google.internal/computeMetadata/v1/instance/id\n" +
    'else\n' +
    '\tcurl --version > /dev/null\n' +
    '\tif [ $? -eq 0 ]\n' +
    '\tthen\n' +
    "\t\tcurl --connect-timeout 7 -s --header='Metadata-Flavor:Google' http://metadata.google.internal/computeMetadata/v1/instance/id\n" +
    '\tfi\n' +
    'fi\n' +
    'exit 0'
]
New EH opened, aborting shutdown
[12:15:35] New EH opened, aborting shutdown
rejected promise not handled within 1 second: CodeExpectedError: Could not find pty on pty host
stack trace: CodeExpectedError: Could not find pty on pty host,    at c._throwIfNoPty (/home/peci2022/.vscode-server/bin/74b1f979648cc44d385a2286793c226e611f59e7/out/vs/platform/terminal/node/ptyHostMain.js:23:36316),    at c.updateIcon (/home/peci2022/.vscode-server/bin/74b1f979648cc44d385a2286793c226e611f59e7/out/vs/platform/terminal/node/ptyHostMain.js:23:32124),    at Object.call (/home/peci2022/.vscode-server/bin/74b1f979648cc44d385a2286793c226e611f59e7/out/vs/platform/terminal/node/ptyHostMain.js:16:8386),    at u.onPromise (/home/peci2022/.vscode-server/bin/74b1f979648cc44d385a2286793c226e611f59e7/out/vs/platform/terminal/node/ptyHostMain.js:15:5851),    at u.onRawMessage (/home/peci2022/.vscode-server/bin/74b1f979648cc44d385a2286793c226e611f59e7/out/vs/platform/terminal/node/ptyHostMain.js:15:5234),    at /home/peci2022/.vscode-server/bin/74b1f979648cc44d385a2286793c226e611f59e7/out/vs/platform/terminal/node/ptyHostMain.js:15:4520,    at p.invoke (/home/peci2022/.vscode-server/bin/74b1f979648cc44d385a2286793c226e611f59e7/out/vs/platform/terminal/node/ptyHostMain.js:11:145),    at D.deliver (/home/peci2022/.vscode-server/bin/74b1f979648cc44d385a2286793c226e611f59e7/out/vs/platform/terminal/node/ptyHostMain.js:11:2275),    at T.fire (/home/peci2022/.vscode-server/bin/74b1f979648cc44d385a2286793c226e611f59e7/out/vs/platform/terminal/node/ptyHostMain.js:11:1853),    at process.Q (/home/peci2022/.vscode-server/bin/74b1f979648cc44d385a2286793c226e611f59e7/out/vs/platform/terminal/node/ptyHostMain.js:9:20703),    at process.emit (node:events:526:28),    at emit (node:internal/child_process:938:14),    at processTicksAndRejections (node:internal/process/task_queues:84:21)
[12:28:07] [Error [CodeExpectedError]: Could not find pty on pty host,    at c._throwIfNoPty (/home/peci2022/.vscode-server/bin/74b1f979648cc44d385a2286793c226e611f59e7/out/vs/platform/terminal/node/ptyHostMain.js:23:36316),    at c.updateIcon (/home/peci2022/.vscode-server/bin/74b1f979648cc44d385a2286793c226e611f59e7/out/vs/platform/terminal/node/ptyHostMain.js:23:32124),    at Object.call (/home/peci2022/.vscode-server/bin/74b1f979648cc44d385a2286793c226e611f59e7/out/vs/platform/terminal/node/ptyHostMain.js:16:8386),    at u.onPromise (/home/peci2022/.vscode-server/bin/74b1f979648cc44d385a2286793c226e611f59e7/out/vs/platform/terminal/node/ptyHostMain.js:15:5851),    at u.onRawMessage (/home/peci2022/.vscode-server/bin/74b1f979648cc44d385a2286793c226e611f59e7/out/vs/platform/terminal/node/ptyHostMain.js:15:5234),    at /home/peci2022/.vscode-server/bin/74b1f979648cc44d385a2286793c226e611f59e7/out/vs/platform/terminal/node/ptyHostMain.js:15:4520,    at p.invoke (/home/peci2022/.vscode-server/bin/74b1f979648cc44d385a2286793c226e611f59e7/out/vs/platform/terminal/node/ptyHostMain.js:11:145),    at D.deliver (/home/peci2022/.vscode-server/bin/74b1f979648cc44d385a2286793c226e611f59e7/out/vs/platform/terminal/node/ptyHostMain.js:11:2275),    at T.fire (/home/peci2022/.vscode-server/bin/74b1f979648cc44d385a2286793c226e611f59e7/out/vs/platform/terminal/node/ptyHostMain.js:11:1853),    at process.Q (/home/peci2022/.vscode-server/bin/74b1f979648cc44d385a2286793c226e611f59e7/out/vs/platform/terminal/node/ptyHostMain.js:9:20703),    at process.emit (node:events:526:28),    at emit (node:internal/child_process:938:14),    at processTicksAndRejections (node:internal/process/task_queues:84:21)]
rejected promise not handled within 1 second: CodeExpectedError: Could not find pty on pty host
stack trace: CodeExpectedError: Could not find pty on pty host,    at c._throwIfNoPty (/home/peci2022/.vscode-server/bin/74b1f979648cc44d385a2286793c226e611f59e7/out/vs/platform/terminal/node/ptyHostMain.js:23:36316),    at c.updateTitle (/home/peci2022/.vscode-server/bin/74b1f979648cc44d385a2286793c226e611f59e7/out/vs/platform/terminal/node/ptyHostMain.js:23:32064),    at Object.call (/home/peci2022/.vscode-server/bin/74b1f979648cc44d385a2286793c226e611f59e7/out/vs/platform/terminal/node/ptyHostMain.js:16:8386),    at u.onPromise (/home/peci2022/.vscode-server/bin/74b1f979648cc44d385a2286793c226e611f59e7/out/vs/platform/terminal/node/ptyHostMain.js:15:5851),    at u.onRawMessage (/home/peci2022/.vscode-server/bin/74b1f979648cc44d385a2286793c226e611f59e7/out/vs/platform/terminal/node/ptyHostMain.js:15:5234),    at /home/peci2022/.vscode-server/bin/74b1f979648cc44d385a2286793c226e611f59e7/out/vs/platform/terminal/node/ptyHostMain.js:15:4520,    at p.invoke (/home/peci2022/.vscode-server/bin/74b1f979648cc44d385a2286793c226e611f59e7/out/vs/platform/terminal/node/ptyHostMain.js:11:145),    at D.deliver (/home/peci2022/.vscode-server/bin/74b1f979648cc44d385a2286793c226e611f59e7/out/vs/platform/terminal/node/ptyHostMain.js:11:2275),    at T.fire (/home/peci2022/.vscode-server/bin/74b1f979648cc44d385a2286793c226e611f59e7/out/vs/platform/terminal/node/ptyHostMain.js:11:1853),    at process.Q (/home/peci2022/.vscode-server/bin/74b1f979648cc44d385a2286793c226e611f59e7/out/vs/platform/terminal/node/ptyHostMain.js:9:20703),    at process.emit (node:events:526:28),    at emit (node:internal/child_process:938:14),    at processTicksAndRejections (node:internal/process/task_queues:84:21)
[12:28:07] [Error [CodeExpectedError]: Could not find pty on pty host,    at c._throwIfNoPty (/home/peci2022/.vscode-server/bin/74b1f979648cc44d385a2286793c226e611f59e7/out/vs/platform/terminal/node/ptyHostMain.js:23:36316),    at c.updateTitle (/home/peci2022/.vscode-server/bin/74b1f979648cc44d385a2286793c226e611f59e7/out/vs/platform/terminal/node/ptyHostMain.js:23:32064),    at Object.call (/home/peci2022/.vscode-server/bin/74b1f979648cc44d385a2286793c226e611f59e7/out/vs/platform/terminal/node/ptyHostMain.js:16:8386),    at u.onPromise (/home/peci2022/.vscode-server/bin/74b1f979648cc44d385a2286793c226e611f59e7/out/vs/platform/terminal/node/ptyHostMain.js:15:5851),    at u.onRawMessage (/home/peci2022/.vscode-server/bin/74b1f979648cc44d385a2286793c226e611f59e7/out/vs/platform/terminal/node/ptyHostMain.js:15:5234),    at /home/peci2022/.vscode-server/bin/74b1f979648cc44d385a2286793c226e611f59e7/out/vs/platform/terminal/node/ptyHostMain.js:15:4520,    at p.invoke (/home/peci2022/.vscode-server/bin/74b1f979648cc44d385a2286793c226e611f59e7/out/vs/platform/terminal/node/ptyHostMain.js:11:145),    at D.deliver (/home/peci2022/.vscode-server/bin/74b1f979648cc44d385a2286793c226e611f59e7/out/vs/platform/terminal/node/ptyHostMain.js:11:2275),    at T.fire (/home/peci2022/.vscode-server/bin/74b1f979648cc44d385a2286793c226e611f59e7/out/vs/platform/terminal/node/ptyHostMain.js:11:1853),    at process.Q (/home/peci2022/.vscode-server/bin/74b1f979648cc44d385a2286793c226e611f59e7/out/vs/platform/terminal/node/ptyHostMain.js:9:20703),    at process.emit (node:events:526:28),    at emit (node:internal/child_process:938:14),    at processTicksAndRejections (node:internal/process/task_queues:84:21)]
rejected promise not handled within 1 second: CodeExpectedError: Could not find pty on pty host
stack trace: CodeExpectedError: Could not find pty on pty host,    at c._throwIfNoPty (/home/peci2022/.vscode-server/bin/74b1f979648cc44d385a2286793c226e611f59e7/out/vs/platform/terminal/node/ptyHostMain.js:23:36316),    at c.updateTitle (/home/peci2022/.vscode-server/bin/74b1f979648cc44d385a2286793c226e611f59e7/out/vs/platform/terminal/node/ptyHostMain.js:23:32064),    at Object.call (/home/peci2022/.vscode-server/bin/74b1f979648cc44d385a2286793c226e611f59e7/out/vs/platform/terminal/node/ptyHostMain.js:16:8386),    at u.onPromise (/home/peci2022/.vscode-server/bin/74b1f979648cc44d385a2286793c226e611f59e7/out/vs/platform/terminal/node/ptyHostMain.js:15:5851),    at u.onRawMessage (/home/peci2022/.vscode-server/bin/74b1f979648cc44d385a2286793c226e611f59e7/out/vs/platform/terminal/node/ptyHostMain.js:15:5234),    at /home/peci2022/.vscode-server/bin/74b1f979648cc44d385a2286793c226e611f59e7/out/vs/platform/terminal/node/ptyHostMain.js:15:4520,    at p.invoke (/home/peci2022/.vscode-server/bin/74b1f979648cc44d385a2286793c226e611f59e7/out/vs/platform/terminal/node/ptyHostMain.js:11:145),    at D.deliver (/home/peci2022/.vscode-server/bin/74b1f979648cc44d385a2286793c226e611f59e7/out/vs/platform/terminal/node/ptyHostMain.js:11:2275),    at T.fire (/home/peci2022/.vscode-server/bin/74b1f979648cc44d385a2286793c226e611f59e7/out/vs/platform/terminal/node/ptyHostMain.js:11:1853),    at process.Q (/home/peci2022/.vscode-server/bin/74b1f979648cc44d385a2286793c226e611f59e7/out/vs/platform/terminal/node/ptyHostMain.js:9:20703),    at process.emit (node:events:526:28),    at emit (node:internal/child_process:938:14),    at processTicksAndRejections (node:internal/process/task_queues:84:21)
[12:28:08] [Error [CodeExpectedError]: Could not find pty on pty host,    at c._throwIfNoPty (/home/peci2022/.vscode-server/bin/74b1f979648cc44d385a2286793c226e611f59e7/out/vs/platform/terminal/node/ptyHostMain.js:23:36316),    at c.updateTitle (/home/peci2022/.vscode-server/bin/74b1f979648cc44d385a2286793c226e611f59e7/out/vs/platform/terminal/node/ptyHostMain.js:23:32064),    at Object.call (/home/peci2022/.vscode-server/bin/74b1f979648cc44d385a2286793c226e611f59e7/out/vs/platform/terminal/node/ptyHostMain.js:16:8386),    at u.onPromise (/home/peci2022/.vscode-server/bin/74b1f979648cc44d385a2286793c226e611f59e7/out/vs/platform/terminal/node/ptyHostMain.js:15:5851),    at u.onRawMessage (/home/peci2022/.vscode-server/bin/74b1f979648cc44d385a2286793c226e611f59e7/out/vs/platform/terminal/node/ptyHostMain.js:15:5234),    at /home/peci2022/.vscode-server/bin/74b1f979648cc44d385a2286793c226e611f59e7/out/vs/platform/terminal/node/ptyHostMain.js:15:4520,    at p.invoke (/home/peci2022/.vscode-server/bin/74b1f979648cc44d385a2286793c226e611f59e7/out/vs/platform/terminal/node/ptyHostMain.js:11:145),    at D.deliver (/home/peci2022/.vscode-server/bin/74b1f979648cc44d385a2286793c226e611f59e7/out/vs/platform/terminal/node/ptyHostMain.js:11:2275),    at T.fire (/home/peci2022/.vscode-server/bin/74b1f979648cc44d385a2286793c226e611f59e7/out/vs/platform/terminal/node/ptyHostMain.js:11:1853),    at process.Q (/home/peci2022/.vscode-server/bin/74b1f979648cc44d385a2286793c226e611f59e7/out/vs/platform/terminal/node/ptyHostMain.js:9:20703),    at process.emit (node:events:526:28),    at emit (node:internal/child_process:938:14),    at processTicksAndRejections (node:internal/process/task_queues:84:21)]
[12:28:22] [127.0.0.1][37d1fff4][ManagementConnection] The client has reconnected.
[12:28:22] [127.0.0.1][900f4a1c][ExtensionHostConnection] The client has reconnected.
rejected promise not handled within 1 second: CodeExpectedError: Could not find pty on pty host
stack trace: CodeExpectedError: Could not find pty on pty host,    at c._throwIfNoPty (/home/peci2022/.vscode-server/bin/74b1f979648cc44d385a2286793c226e611f59e7/out/vs/platform/terminal/node/ptyHostMain.js:23:36316),    at c.updateTitle (/home/peci2022/.vscode-server/bin/74b1f979648cc44d385a2286793c226e611f59e7/out/vs/platform/terminal/node/ptyHostMain.js:23:32064),    at Object.call (/home/peci2022/.vscode-server/bin/74b1f979648cc44d385a2286793c226e611f59e7/out/vs/platform/terminal/node/ptyHostMain.js:16:8386),    at u.onPromise (/home/peci2022/.vscode-server/bin/74b1f979648cc44d385a2286793c226e611f59e7/out/vs/platform/terminal/node/ptyHostMain.js:15:5851),    at u.onRawMessage (/home/peci2022/.vscode-server/bin/74b1f979648cc44d385a2286793c226e611f59e7/out/vs/platform/terminal/node/ptyHostMain.js:15:5234),    at /home/peci2022/.vscode-server/bin/74b1f979648cc44d385a2286793c226e611f59e7/out/vs/platform/terminal/node/ptyHostMain.js:15:4520,    at p.invoke (/home/peci2022/.vscode-server/bin/74b1f979648cc44d385a2286793c226e611f59e7/out/vs/platform/terminal/node/ptyHostMain.js:11:145),    at D.deliver (/home/peci2022/.vscode-server/bin/74b1f979648cc44d385a2286793c226e611f59e7/out/vs/platform/terminal/node/ptyHostMain.js:11:2275),    at T.fire (/home/peci2022/.vscode-server/bin/74b1f979648cc44d385a2286793c226e611f59e7/out/vs/platform/terminal/node/ptyHostMain.js:11:1853),    at process.Q (/home/peci2022/.vscode-server/bin/74b1f979648cc44d385a2286793c226e611f59e7/out/vs/platform/terminal/node/ptyHostMain.js:9:20703),    at process.emit (node:events:526:28),    at emit (node:internal/child_process:938:14),    at processTicksAndRejections (node:internal/process/task_queues:84:21)
[12:28:24] [Error [CodeExpectedError]: Could not find pty on pty host,    at c._throwIfNoPty (/home/peci2022/.vscode-server/bin/74b1f979648cc44d385a2286793c226e611f59e7/out/vs/platform/terminal/node/ptyHostMain.js:23:36316),    at c.updateTitle (/home/peci2022/.vscode-server/bin/74b1f979648cc44d385a2286793c226e611f59e7/out/vs/platform/terminal/node/ptyHostMain.js:23:32064),    at Object.call (/home/peci2022/.vscode-server/bin/74b1f979648cc44d385a2286793c226e611f59e7/out/vs/platform/terminal/node/ptyHostMain.js:16:8386),    at u.onPromise (/home/peci2022/.vscode-server/bin/74b1f979648cc44d385a2286793c226e611f59e7/out/vs/platform/terminal/node/ptyHostMain.js:15:5851),    at u.onRawMessage (/home/peci2022/.vscode-server/bin/74b1f979648cc44d385a2286793c226e611f59e7/out/vs/platform/terminal/node/ptyHostMain.js:15:5234),    at /home/peci2022/.vscode-server/bin/74b1f979648cc44d385a2286793c226e611f59e7/out/vs/platform/terminal/node/ptyHostMain.js:15:4520,    at p.invoke (/home/peci2022/.vscode-server/bin/74b1f979648cc44d385a2286793c226e611f59e7/out/vs/platform/terminal/node/ptyHostMain.js:11:145),    at D.deliver (/home/peci2022/.vscode-server/bin/74b1f979648cc44d385a2286793c226e611f59e7/out/vs/platform/terminal/node/ptyHostMain.js:11:2275),    at T.fire (/home/peci2022/.vscode-server/bin/74b1f979648cc44d385a2286793c226e611f59e7/out/vs/platform/terminal/node/ptyHostMain.js:11:1853),    at process.Q (/home/peci2022/.vscode-server/bin/74b1f979648cc44d385a2286793c226e611f59e7/out/vs/platform/terminal/node/ptyHostMain.js:9:20703),    at process.emit (node:events:526:28),    at emit (node:internal/child_process:938:14),    at processTicksAndRejections (node:internal/process/task_queues:84:21)]
[12:53:32] [127.0.0.1][37d1fff4][ManagementConnection] The client has disconnected gracefully, so the connection will be disposed.
[12:53:33] [127.0.0.1][900f4a1c][ExtensionHostConnection] <30114> Extension Host Process exited with code: 0, signal: null.
Last EH closed, waiting before shutting down
[12:53:33] Last EH closed, waiting before shutting down
Last EH closed, shutting down
[12:58:33] Last EH closed, shutting down
